[2021-12-29 09:55:23.995] [exthost] [info] extension host started
[2021-12-29 09:55:23.999] [exthost] [error] Error: EEXIST: file already exists, open '/config/data/User/workspaceStorage/-10525282/vscode.lock'
[2021-12-29 09:55:24.018] [exthost] [info] Lock '/config/data/User/workspaceStorage/-10525282/vscode.lock': Could not acquire lock, checking if the file is stale.
[2021-12-29 09:55:24.035] [exthost] [info] ExtensionService#_doActivateExtension vscode.debug-auto-launch {"startup":true,"extensionId":{"value":"vscode.debug-auto-launch","_lower":"vscode.debug-auto-launch"},"activationEvent":"*"}
[2021-12-29 09:55:24.051] [exthost] [info] ExtensionService#loadCommonJSModule file:///usr/local/share/.config/yarn/global/node_modules/code-server/vendor/modules/code-oss-dev/extensions/debug-auto-launch/dist/extension
[2021-12-29 09:55:24.062] [exthost] [info] ExtensionService#_doActivateExtension vscode.git {"startup":true,"extensionId":{"value":"vscode.github","_lower":"vscode.github"},"activationEvent":"*"}
[2021-12-29 09:55:24.078] [exthost] [info] ExtensionService#loadCommonJSModule file:///usr/local/share/.config/yarn/global/node_modules/code-server/vendor/modules/code-oss-dev/extensions/git/dist/main
[2021-12-29 09:55:24.169] [exthost] [info] Lock '/config/data/User/workspaceStorage/-10525282/vscode.lock': The pid 1377 appears to be gone.
[2021-12-29 09:55:24.170] [exthost] [info] Lock '/config/data/User/workspaceStorage/-10525282/vscode.lock': Deleting a stale lock.
[2021-12-29 09:55:24.176] [exthost] [info] Lock '/config/data/User/workspaceStorage/-10525282/vscode.lock': Lock acquired.
[2021-12-29 09:55:24.248] [exthost] [info] ExtensionService#_doActivateExtension vscode.github {"startup":true,"extensionId":{"value":"vscode.github","_lower":"vscode.github"},"activationEvent":"*"}
[2021-12-29 09:55:24.248] [exthost] [info] ExtensionService#loadCommonJSModule file:///usr/local/share/.config/yarn/global/node_modules/code-server/vendor/modules/code-oss-dev/extensions/github/dist/extension.js
[2021-12-29 09:55:24.276] [exthost] [info] ExtensionService#_doActivateExtension vscode.emmet {"startup":false,"extensionId":{"value":"vscode.emmet","_lower":"vscode.emmet"},"activationEvent":"onStartupFinished"}
[2021-12-29 09:55:24.294] [exthost] [info] ExtensionService#loadCommonJSModule file:///usr/local/share/.config/yarn/global/node_modules/code-server/vendor/modules/code-oss-dev/extensions/emmet/dist/node/emmetNodeMain
[2021-12-29 09:55:24.312] [exthost] [info] ExtensionService#_doActivateExtension vscode.merge-conflict {"startup":false,"extensionId":{"value":"vscode.merge-conflict","_lower":"vscode.merge-conflict"},"activationEvent":"onStartupFinished"}
[2021-12-29 09:55:24.313] [exthost] [info] ExtensionService#loadCommonJSModule file:///usr/local/share/.config/yarn/global/node_modules/code-server/vendor/modules/code-oss-dev/extensions/merge-conflict/dist/mergeConflictMain
[2021-12-29 09:55:24.319] [exthost] [info] eager extensions activated
[2021-12-29 09:55:24.386] [exthost] [info] ExtensionService#_doActivateExtension ms-vscode.js-debug {"startup":false,"extensionId":{"value":"ms-vscode.js-debug","_lower":"ms-vscode.js-debug"},"activationEvent":"onCommand:extension.js-debug.clearAutoAttachVariables"}
[2021-12-29 09:55:24.387] [exthost] [info] ExtensionService#loadCommonJSModule file:///usr/local/share/.config/yarn/global/node_modules/code-server/vendor/modules/code-oss-dev/extensions/ms-vscode.js-debug/src/extension.js
[2021-12-29 09:58:43.779] [exthost] [info] extension host terminating: received terminate message from renderer
[2021-12-29 09:58:43.780] [exthost] [info] Lock '/config/data/User/workspaceStorage/-10525282/vscode.lock': Marking the lockfile as scheduled to be released in 6000 ms.
[2021-12-29 09:58:44.791] [exthost] [info] exiting with code 0
[2021-12-29 09:58:45.817] [exthost] [info] extension host started
[2021-12-29 09:58:45.918] [exthost] [info] ExtensionService#_doActivateExtension vscode.debug-auto-launch {"startup":true,"extensionId":{"value":"vscode.debug-auto-launch","_lower":"vscode.debug-auto-launch"},"activationEvent":"*"}
[2021-12-29 09:58:45.931] [exthost] [info] ExtensionService#loadCommonJSModule file:///usr/local/share/.config/yarn/global/node_modules/code-server/vendor/modules/code-oss-dev/extensions/debug-auto-launch/dist/extension
[2021-12-29 09:58:45.939] [exthost] [info] ExtensionService#_doActivateExtension vscode.git {"startup":true,"extensionId":{"value":"vscode.github","_lower":"vscode.github"},"activationEvent":"*"}
[2021-12-29 09:58:45.952] [exthost] [info] ExtensionService#loadCommonJSModule file:///usr/local/share/.config/yarn/global/node_modules/code-server/vendor/modules/code-oss-dev/extensions/git/dist/main
[2021-12-29 09:58:46.036] [exthost] [info] Lock '/config/data/User/workspaceStorage/-10525282/vscode.lock': Lock acquired.
[2021-12-29 09:58:46.091] [exthost] [info] ExtensionService#_doActivateExtension vscode.github {"startup":true,"extensionId":{"value":"vscode.github","_lower":"vscode.github"},"activationEvent":"*"}
[2021-12-29 09:58:46.096] [exthost] [info] ExtensionService#loadCommonJSModule file:///usr/local/share/.config/yarn/global/node_modules/code-server/vendor/modules/code-oss-dev/extensions/github/dist/extension.js
[2021-12-29 09:58:46.140] [exthost] [info] ExtensionService#_doActivateExtension ms-vscode.js-debug {"startup":false,"extensionId":{"value":"ms-vscode.js-debug","_lower":"ms-vscode.js-debug"},"activationEvent":"onCommand:extension.js-debug.clearAutoAttachVariables"}
[2021-12-29 09:58:46.160] [exthost] [info] ExtensionService#loadCommonJSModule file:///usr/local/share/.config/yarn/global/node_modules/code-server/vendor/modules/code-oss-dev/extensions/ms-vscode.js-debug/src/extension.js
[2021-12-29 09:58:46.328] [exthost] [info] ExtensionService#_doActivateExtension vscode.emmet {"startup":false,"extensionId":{"value":"vscode.emmet","_lower":"vscode.emmet"},"activationEvent":"onStartupFinished"}
[2021-12-29 09:58:46.328] [exthost] [info] ExtensionService#loadCommonJSModule file:///usr/local/share/.config/yarn/global/node_modules/code-server/vendor/modules/code-oss-dev/extensions/emmet/dist/node/emmetNodeMain
[2021-12-29 09:58:46.341] [exthost] [info] ExtensionService#_doActivateExtension vscode.merge-conflict {"startup":false,"extensionId":{"value":"vscode.merge-conflict","_lower":"vscode.merge-conflict"},"activationEvent":"onStartupFinished"}
[2021-12-29 09:58:46.342] [exthost] [info] ExtensionService#loadCommonJSModule file:///usr/local/share/.config/yarn/global/node_modules/code-server/vendor/modules/code-oss-dev/extensions/merge-conflict/dist/mergeConflictMain
[2021-12-29 09:58:46.345] [exthost] [info] eager extensions activated
[2021-12-29 10:01:47.867] [exthost] [info] extension host terminating: parent process 1271 does not exist anymore: kill ESRCH (code: ESRCH) (errno: -3)
[2021-12-29 10:01:47.887] [exthost] [info] Lock '/config/data/User/workspaceStorage/-10525282/vscode.lock': Marking the lockfile as scheduled to be released in 6000 ms.
