[Info  - 14:32:17.311] Reading sessions from keychain...
[Info  - 14:32:17.879] Getting sessions for read:user,user:email,repo...
[Info  - 14:32:17.880] Got 0 sessions for read:user,user:email,repo...
[Info  - 14:32:18.77] Getting sessions for all scopes...
[Info  - 14:32:18.77] Got 0 sessions for all scopes...
[Info  - 14:32:41.659] Getting sessions for repo,workflow...
[Info  - 14:32:41.659] Got 0 sessions for repo,workflow...
[Info  - 14:32:43.980] Logging in for the following scopes: repo workflow
[Trace  - 14:33:02.379] Handling Uri...
[Info  - 14:33:02.380] Exchanging code for token...
[Info  - 14:33:02.960] Token exchange success!
[Info  - 14:33:02.963] Getting user info...
[Info  - 14:33:03.473] Got account info!
[Info  - 14:33:03.474] Storing 1 sessions...
[Info  - 14:33:04.398] Reading sessions from keychain...
[Info  - 14:33:04.399] Stored 1 sessions!
[Info  - 14:33:04.400] Login success!
[Trace  - 14:33:05.429] Token acquired from secret storage.
[Info  - 14:33:05.429] Got stored sessions!
[Trace  - 14:33:05.430] Read the following session from the keychain with the following scopes: repo,workflow
[Info  - 14:33:05.430] Got 1 verified sessions.
[Info  - 14:33:11.544] Getting sessions for read:user,user:email,repo...
[Info  - 14:33:11.544] Got 0 sessions for read:user,repo,user:email...
[Info  - 14:36:40.849] Getting sessions for all scopes...
[Info  - 14:36:40.850] Got 1 sessions for all scopes...
[Info  - 14:36:48.200] Logging in for the following scopes: read:user user:email repo
[Trace  - 14:36:55.900] Handling Uri...
[Info  - 14:36:55.901] Exchanging code for token...
[Info  - 14:36:56.643] Token exchange success!
[Info  - 14:36:56.650] Getting user info...
[Info  - 14:36:57.173] Got account info!
[Info  - 14:36:57.179] Storing 2 sessions...
[Info  - 14:36:57.808] Reading sessions from keychain...
[Info  - 14:36:57.808] Stored 2 sessions!
[Info  - 14:36:57.808] Login success!
[Trace  - 14:36:58.48] Token acquired from secret storage.
[Info  - 14:36:58.48] Got stored sessions!
[Trace  - 14:36:58.48] Read the following session from the keychain with the following scopes: repo,workflow
[Trace  - 14:36:58.48] Read the following session from the keychain with the following scopes: read:user,user:email,repo
[Info  - 14:36:58.48] Got 2 verified sessions.
[Info  - 14:36:58.63] Getting sessions for read:user,user:email,repo...
[Info  - 14:36:58.64] Got 1 sessions for read:user,repo,user:email...
[Info  - 14:37:03.92] Getting sessions for all scopes...
[Info  - 14:37:03.92] Got 2 sessions for all scopes...
[Info  - 14:37:36.594] Getting sessions for repo,workflow...
[Info  - 14:37:36.594] Got 1 sessions for repo,workflow...
